<?xml version="1.0" encoding="utf-8"?><testsuites name="pytest tests"><testsuite name="pytest" errors="0" failures="0" skipped="0" tests="18" time="5.910" timestamp="2026-04-20T15:46:41.235988+00:00" hostname="agent-env-2d1ae609-043b-4f89-ac9f-6a05aa3b5dba"><testcase classname="backend.tests.test_admin_features.TestAdminLogin" name="test_admin_login_success" time="0.368" /><testcase classname="backend.tests.test_admin_features.TestAdminLogin" name="test_admin_login_wrong_password" time="0.343" /><testcase classname="backend.tests.test_admin_features.TestAdminLogin" name="test_admin_login_wrong_email" time="0.125" /><testcase classname="backend.tests.test_admin_features.TestAdminLogin" name="test_admin_login_missing_fields" time="0.126" /><testcase classname="backend.tests.test_admin_features.TestAdminDashboard" name="test_admin_me_with_token" time="0.482" /><testcase classname="backend.tests.test_admin_features.TestAdminDashboard" name="test_admin_me_without_token" time="0.121" /><testcase classname="backend.tests.test_admin_features.TestAdminDashboard" name="test_admin_dashboard_with_token" time="0.456" /><testcase classname="backend.tests.test_admin_features.TestAdminDashboard" name="test_admin_dashboard_without_token" time="0.113" /><testcase classname="backend.tests.test_admin_features.TestAdminSubscriberManagement" name="test_admin_subscribers_list" time="0.456" /><testcase classname="backend.tests.test_admin_features.TestAdminSubscriberManagement" name="test_admin_users_list" time="0.445" /><testcase classname="backend.tests.test_admin_features.TestAdminSubscriberManagement" name="test_admin_payments_list" time="0.486" /><testcase classname="backend.tests.test_admin_features.TestAdminSubscriberManagement" name="test_admin_grant_subscription" time="0.597" /><testcase classname="backend.tests.test_admin_features.TestAdminSubscriberManagement" name="test_admin_deactivate_subscription" time="0.726" /><testcase classname="backend.tests.test_admin_features.TestCSVExport" name="test_export_products_without_auth" time="0.141" /><testcase classname="backend.tests.test_admin_features.TestCSVExport" name="test_export_watchlist_without_auth" time="0.150" /><testcase classname="backend.tests.test_admin_features.TestUpdatedPricing" name="test_plans_endpoint_returns_updated_prices" time="0.134" /><testcase classname="backend.tests.test_admin_features.TestPWAManifest" name="test_manifest_accessible" time="0.113" /><testcase classname="backend.tests.test_admin_features.TestAdminLogout" name="test_admin_logout" time="0.468" /></testsuite></testsuites>