<?xml version="1.0" encoding="utf-8"?><testsuites name="pytest tests"><testsuite name="pytest" errors="0" failures="0" skipped="0" tests="17" time="25.337" timestamp="2026-05-06T19:39:06.114252+00:00" hostname="agent-env-2d1ae609-043b-4f89-ac9f-6a05aa3b5dba"><testcase classname="tests.test_phase2_features.TestAdminAuth" name="test_admin_login_success" time="0.521" /><testcase classname="tests.test_phase2_features.TestAdLibraryEndpoints" name="test_get_ads_returns_401_without_auth" time="0.860" /><testcase classname="tests.test_phase2_features.TestAdLibraryEndpoints" name="test_get_ads_with_auth" time="0.681" /><testcase classname="tests.test_phase2_features.TestAdLibraryEndpoints" name="test_get_ads_with_limit" time="0.645" /><testcase classname="tests.test_phase2_features.TestAdLibraryEndpoints" name="test_get_top_hooks_returns_401_without_auth" time="1.202" /><testcase classname="tests.test_phase2_features.TestAdLibraryEndpoints" name="test_get_top_hooks_with_auth" time="0.496" /><testcase classname="tests.test_phase2_features.TestAdLibraryEndpoints" name="test_get_duplication_alerts_returns_401_without_auth" time="0.481" /><testcase classname="tests.test_phase2_features.TestAdLibraryEndpoints" name="test_get_duplication_alerts_with_auth" time="0.657" /><testcase classname="tests.test_phase2_features.TestAIToolsEndpoints" name="test_generate_scripts_returns_401_without_auth" time="1.062" /><testcase classname="tests.test_phase2_features.TestAIToolsEndpoints" name="test_generate_scripts_returns_404_for_invalid_product" time="0.918" /><testcase classname="tests.test_phase2_features.TestAIToolsEndpoints" name="test_generate_scripts_with_valid_product" time="12.351" /><testcase classname="tests.test_phase2_features.TestAIToolsEndpoints" name="test_analyze_sentiment_returns_401_without_auth" time="0.857" /><testcase classname="tests.test_phase2_features.TestAIToolsEndpoints" name="test_analyze_sentiment_returns_404_for_invalid_product" time="0.836" /><testcase classname="tests.test_phase2_features.TestAIToolsEndpoints" name="test_analyze_sentiment_with_valid_product" time="2.020" /><testcase classname="tests.test_phase2_features.TestCachedAIResults" name="test_get_cached_scripts_returns_401_without_auth" time="0.838" /><testcase classname="tests.test_phase2_features.TestCachedAIResults" name="test_get_cached_sentiment_returns_401_without_auth" time="0.719" /><testcase classname="tests.test_phase2_features.TestCommandBarIntegration" name="test_frontend_loads" time="0.114" /></testsuite></testsuites>