<?xml version="1.0" encoding="utf-8"?><testsuites name="pytest tests"><testsuite name="pytest" errors="0" failures="0" skipped="0" tests="18" time="4.077" timestamp="2026-05-07T03:11:11.470934+00:00" hostname="agent-env-2d1ae609-043b-4f89-ac9f-6a05aa3b5dba"><testcase classname="backend.tests.test_phase4_features.TestCreatorRegistration" name="test_creator_register_success" time="0.487" /><testcase classname="backend.tests.test_phase4_features.TestCreatorRegistration" name="test_creator_register_duplicate_email" time="0.263" /><testcase classname="backend.tests.test_phase4_features.TestCreatorRegistration" name="test_creator_register_duplicate_handle" time="0.071" /><testcase classname="backend.tests.test_phase4_features.TestCreatorLogin" name="test_creator_login_success" time="0.292" /><testcase classname="backend.tests.test_phase4_features.TestCreatorLogin" name="test_creator_login_wrong_password" time="0.293" /><testcase classname="backend.tests.test_phase4_features.TestCreatorLogin" name="test_creator_login_nonexistent_email" time="0.075" /><testcase classname="backend.tests.test_phase4_features.TestCreatorBrowse" name="test_browse_creators" time="0.175" /><testcase classname="backend.tests.test_phase4_features.TestCreatorBrowse" name="test_browse_creators_with_filter" time="0.145" /><testcase classname="backend.tests.test_phase4_features.TestCreatorBrowse" name="test_get_creator_profile" time="0.206" /><testcase classname="backend.tests.test_phase4_features.TestCreatorBrowse" name="test_get_creator_profile_not_found" time="0.075" /><testcase classname="backend.tests.test_phase4_features.TestPushNotifications" name="test_push_register_without_auth" time="0.137" /><testcase classname="backend.tests.test_phase4_features.TestPushNotifications" name="test_push_register_with_auth" time="0.743" /><testcase classname="backend.tests.test_phase4_features.TestPushNotifications" name="test_push_send_test_with_auth" time="0.096" /><testcase classname="backend.tests.test_phase4_features.TestPushNotifications" name="test_push_broadcast_without_auth" time="0.133" /><testcase classname="backend.tests.test_phase4_features.TestPushNotifications" name="test_push_broadcast_with_cron_key" time="0.067" /><testcase classname="backend.tests.test_phase4_features.TestStoreRefresh" name="test_store_refresh_without_auth" time="0.134" /><testcase classname="backend.tests.test_phase4_features.TestStoreRefresh" name="test_store_refresh_endpoint_exists" time="0.529" /><testcase classname="backend.tests.test_phase4_features.TestStoreRefresh" name="test_store_refresh_not_found" time="0.079" /></testsuite></testsuites>