<?xml version="1.0" encoding="utf-8"?><testsuites name="pytest tests"><testsuite name="pytest" errors="0" failures="0" skipped="0" tests="18" time="2.977" timestamp="2026-04-17T19:03:15.176126+00:00" hostname="agent-env-2d1ae609-043b-4f89-ac9f-6a05aa3b5dba"><testcase classname="backend.tests.test_paywall_api.TestPublicEndpoints" name="test_api_root" time="0.183" /><testcase classname="backend.tests.test_paywall_api.TestPublicEndpoints" name="test_get_plans_public" time="0.118" /><testcase classname="backend.tests.test_paywall_api.TestPublicEndpoints" name="test_categories_public" time="0.161" /><testcase classname="backend.tests.test_paywall_api.TestPublicEndpoints" name="test_data_status_public" time="0.120" /><testcase classname="backend.tests.test_paywall_api.TestSubscriptionCheck" name="test_subscription_check_nonexistent_email" time="0.117" /><testcase classname="backend.tests.test_paywall_api.TestSubscriptionCheck" name="test_subscription_check_missing_email" time="0.124" /><testcase classname="backend.tests.test_paywall_api.TestProtectedEndpointsWithoutAuth" name="test_products_requires_auth" time="0.154" /><testcase classname="backend.tests.test_paywall_api.TestProtectedEndpointsWithoutAuth" name="test_products_dashboard_requires_auth" time="0.123" /><testcase classname="backend.tests.test_paywall_api.TestProtectedEndpointsWithoutAuth" name="test_stats_requires_auth" time="0.108" /><testcase classname="backend.tests.test_paywall_api.TestProtectedEndpointsWithoutAuth" name="test_alerts_requires_auth" time="0.157" /><testcase classname="backend.tests.test_paywall_api.TestProtectedEndpointsWithoutAuth" name="test_hooks_intelligence_requires_auth" time="0.160" /><testcase classname="backend.tests.test_paywall_api.TestProtectedEndpointsWithoutAuth" name="test_market_validation_requires_auth" time="0.174" /><testcase classname="backend.tests.test_paywall_api.TestProtectedEndpointsWithoutAuth" name="test_product_detail_requires_auth" time="0.147" /><testcase classname="backend.tests.test_paywall_api.TestProtectedEndpointsWithoutAuth" name="test_refresh_products_requires_auth" time="0.121" /><testcase classname="backend.tests.test_paywall_api.TestCheckoutEndpoints" name="test_checkout_create_invalid_plan" time="0.115" /><testcase classname="backend.tests.test_paywall_api.TestCheckoutEndpoints" name="test_checkout_create_valid_plan_exists" time="0.593" /><testcase classname="backend.tests.test_paywall_api.TestWatchlistEndpoints" name="test_get_watchlist" time="0.116" /><testcase classname="backend.tests.test_paywall_api.TestBetaEndpoints" name="test_beta_stats" time="0.112" /></testsuite></testsuites>