<?xml version="1.0" encoding="utf-8"?><testsuites name="pytest tests"><testsuite name="pytest" errors="0" failures="0" skipped="0" tests="26" time="5.120" timestamp="2026-05-06T22:41:49.731671+00:00" hostname="agent-env-2d1ae609-043b-4f89-ac9f-6a05aa3b5dba"><testcase classname="backend.tests.test_phase3_features.TestAdminLogin" name="test_admin_login_returns_token" time="0.368" /><testcase classname="backend.tests.test_phase3_features.TestForecastEndpointsNoAuth" name="test_forecast_product_returns_401_without_auth" time="0.113" /><testcase classname="backend.tests.test_phase3_features.TestForecastEndpointsNoAuth" name="test_top_forecasts_returns_401_without_auth" time="0.163" /><testcase classname="backend.tests.test_phase3_features.TestForecastEndpointsWithAuth" name="test_forecast_product_returns_forecast_with_metrics" time="0.651" /><testcase classname="backend.tests.test_phase3_features.TestForecastEndpointsWithAuth" name="test_forecast_product_with_custom_days" time="0.143" /><testcase classname="backend.tests.test_phase3_features.TestForecastEndpointsWithAuth" name="test_forecast_product_returns_404_for_invalid_id" time="0.123" /><testcase classname="backend.tests.test_phase3_features.TestForecastEndpointsWithAuth" name="test_top_forecasts_returns_ranked_products" time="0.146" /><testcase classname="backend.tests.test_phase3_features.TestStoreTrackingEndpointsNoAuth" name="test_stores_returns_401_without_auth" time="0.115" /><testcase classname="backend.tests.test_phase3_features.TestStoreTrackingEndpointsNoAuth" name="test_add_store_returns_401_without_auth" time="0.117" /><testcase classname="backend.tests.test_phase3_features.TestStoreTrackingEndpointsNoAuth" name="test_delete_store_returns_401_without_auth" time="0.130" /><testcase classname="backend.tests.test_phase3_features.TestStoreTrackingEndpointsWithAuth" name="test_add_store_creates_tracked_store" time="0.120" /><testcase classname="backend.tests.test_phase3_features.TestStoreTrackingEndpointsWithAuth" name="test_get_tracked_stores_returns_list" time="0.137" /><testcase classname="backend.tests.test_phase3_features.TestStoreTrackingEndpointsWithAuth" name="test_delete_store_removes_store" time="0.400" /><testcase classname="backend.tests.test_phase3_features.TestStoreTrackingEndpointsWithAuth" name="test_delete_nonexistent_store_returns_404" time="0.125" /><testcase classname="backend.tests.test_phase3_features.TestStoreTrackingEndpointsWithAuth" name="test_add_duplicate_store_returns_400" time="0.267" /><testcase classname="backend.tests.test_phase3_features.TestMarketplaceEndpointsNoAuth" name="test_briefs_returns_401_without_auth" time="0.155" /><testcase classname="backend.tests.test_phase3_features.TestMarketplaceEndpointsNoAuth" name="test_create_brief_returns_401_without_auth" time="0.152" /><testcase classname="backend.tests.test_phase3_features.TestMarketplaceEndpointsNoAuth" name="test_apply_returns_401_without_auth" time="0.104" /><testcase classname="backend.tests.test_phase3_features.TestMarketplaceEndpointsNoAuth" name="test_stats_returns_401_without_auth" time="0.118" /><testcase classname="backend.tests.test_phase3_features.TestMarketplaceEndpointsWithAuth" name="test_create_brief_creates_new_brief" time="0.121" /><testcase classname="backend.tests.test_phase3_features.TestMarketplaceEndpointsWithAuth" name="test_get_briefs_returns_list" time="0.129" /><testcase classname="backend.tests.test_phase3_features.TestMarketplaceEndpointsWithAuth" name="test_apply_to_brief_submits_application" time="0.263" /><testcase classname="backend.tests.test_phase3_features.TestMarketplaceEndpointsWithAuth" name="test_apply_to_nonexistent_brief_returns_404" time="0.116" /><testcase classname="backend.tests.test_phase3_features.TestMarketplaceEndpointsWithAuth" name="test_get_marketplace_stats" time="0.124" /><testcase classname="backend.tests.test_phase3_features.TestMarketplaceEndpointsWithAuth" name="test_get_brief_detail" time="0.237" /><testcase classname="backend.tests.test_phase3_features.TestCleanup" name="test_cleanup_test_stores" time="0.392" /></testsuite></testsuites>