<?xml version="1.0" encoding="utf-8"?><testsuites name="pytest tests"><testsuite name="pytest" errors="0" failures="0" skipped="0" tests="22" time="3.931" timestamp="2026-04-22T15:46:24.483524+00:00" hostname="agent-env-2d1ae609-043b-4f89-ac9f-6a05aa3b5dba"><testcase classname="backend.tests.test_iteration6_features.TestAffiliatesEndpoints" name="test_affiliates_returns_401_without_auth" time="0.168" /><testcase classname="backend.tests.test_iteration6_features.TestAffiliatesEndpoints" name="test_affiliates_niches_summary_returns_401_without_auth" time="0.155" /><testcase classname="backend.tests.test_iteration6_features.TestAffiliatesEndpoints" name="test_affiliates_detail_returns_401_without_auth" time="0.111" /><testcase classname="backend.tests.test_iteration6_features.TestHistoryEndpoints" name="test_history_snapshots_returns_401_without_auth" time="0.131" /><testcase classname="backend.tests.test_iteration6_features.TestHistoryEndpoints" name="test_history_product_returns_401_without_auth" time="0.117" /><testcase classname="backend.tests.test_iteration6_features.TestHistoryEndpoints" name="test_snapshot_with_invalid_api_key_returns_401" time="0.106" /><testcase classname="backend.tests.test_iteration6_features.TestHistoryEndpoints" name="test_snapshot_with_valid_cron_api_key" time="0.162" /><testcase classname="backend.tests.test_iteration6_features.TestAPIAccessEndpoints" name="test_v1_products_returns_401_without_api_key" time="0.114" /><testcase classname="backend.tests.test_iteration6_features.TestAPIAccessEndpoints" name="test_v1_products_returns_401_with_invalid_api_key" time="0.122" /><testcase classname="backend.tests.test_iteration6_features.TestAPIAccessEndpoints" name="test_v1_stats_returns_401_without_api_key" time="0.130" /><testcase classname="backend.tests.test_iteration6_features.TestAPIAccessEndpoints" name="test_v1_affiliates_returns_401_without_api_key" time="0.123" /><testcase classname="backend.tests.test_iteration6_features.TestAPIAccessEndpoints" name="test_v1_product_detail_returns_401_without_api_key" time="0.128" /><testcase classname="backend.tests.test_iteration6_features.TestTeamEndpoints" name="test_team_returns_401_without_auth" time="0.134" /><testcase classname="backend.tests.test_iteration6_features.TestTeamEndpoints" name="test_team_invite_returns_401_without_auth" time="0.127" /><testcase classname="backend.tests.test_iteration6_features.TestTeamEndpoints" name="test_team_remove_member_returns_401_without_auth" time="0.132" /><testcase classname="backend.tests.test_iteration6_features.TestTrendsEndpoints" name="test_google_trends_returns_401_without_auth" time="0.141" /><testcase classname="backend.tests.test_iteration6_features.TestTrendsEndpoints" name="test_amazon_estimate_returns_401_without_auth" time="0.119" /><testcase classname="backend.tests.test_iteration6_features.TestTrendsEndpoints" name="test_product_trends_returns_401_without_auth" time="0.181" /><testcase classname="backend.tests.test_iteration6_features.TestAdminPanelStillWorks" name="test_admin_login_works" time="0.350" /><testcase classname="backend.tests.test_iteration6_features.TestAdminPanelStillWorks" name="test_admin_dashboard_works" time="0.488" /><testcase classname="backend.tests.test_iteration6_features.TestPricingStillCorrect" name="test_plans_endpoint_returns_correct_prices" time="0.122" /><testcase classname="backend.tests.test_iteration6_features.TestAuthenticatedEndpointsWithAdmin" name="test_affiliates_with_admin_auth" time="0.496" /></testsuite></testsuites>